<?xml version="1.0" encoding="UTF-8"?>
<!-- Generated by org.testng.reporters.JUnitReportReporter -->
<testsuite hostname="SMGMacPro2023045.local" failures="0" tests="1" name="com.zeroda.Tests.LoginPageTest" time="8.753" errors="0" timestamp="2025-01-21T18:00:38 IST" skipped="0">
  <testcase classname="com.zeroda.Tests.LoginPageTest" name="VerifyLoginPageHeader" time="8.753"/>
</testsuite> <!-- com.zeroda.Tests.LoginPageTest -->
