<?xml version="1.0" encoding="UTF-8"?>
<!-- Generated by org.testng.reporters.JUnitReportReporter -->
<testsuite hostname="SMGMacPro2023045.local" failures="0" tests="1" name="com.zeroda.Tests.AppTest" time="0.009" errors="0" timestamp="2025-01-17T21:22:42 IST" skipped="0">
  <testcase classname="com.zeroda.Tests.AppTest" name="shouldAnswerWithTrue" time="0.009"/>
</testsuite> <!-- com.zeroda.Tests.AppTest -->
