<?xml version="1.0" encoding="UTF-8"?>
<!-- Generated by org.testng.reporters.JUnitReportReporter -->
<testsuite hostname="SMGMacPro2023045.local" failures="0" tests="1" name="com.zeroda.Tests.SearchPageTest" time="7.923" errors="0" timestamp="2025-01-20T10:53:41 IST" skipped="0">
  <testcase classname="com.zeroda.Tests.SearchPageTest" name="VerifyNoResultTest" time="7.923"/>
</testsuite> <!-- com.zeroda.Tests.SearchPageTest -->
